00000507	147.33628845	[FltMgr] Mini-filter verification enabled for "RansomGuard" filter.	
00000508	147.34439087	[*] RansomGuard protection is active!	
00000565	179.55619812	[*] [\Device\HarddiskVolume3\Users\dorge\AppData\Local\VirtualStore\DECRYPT-FILES.txt] pre write -1000 post close 3894 diff 4894	
00000568	180.43806458	[*] [\Device\HarddiskVolume3\$Recycle.Bin\S-1-5-21-1519848365-1663756913-3822597310-1001\DECRYPT-FILES.txt] pre write -1000 post close 3894 diff 4894	
00000569	180.75082397	[*] R/W section is created for \Device\HarddiskVolume3\$Recycle.Bin\S-1-5-21-1519848365-1663756913-3822597310-1001\$IAL6GT6	
00000570	180.79505920	[*] [\Device\HarddiskVolume3\$Recycle.Bin\S-1-5-21-1519848365-1663756913-3822597310-1001\$IAL6GT6] pre paging write 3220 predicted paging write 6155 diff 2935	
00000573	181.53417969	[*] [\Device\HarddiskVolume3\$Recycle.Bin\S-1-5-21-1519848365-1663756913-3822597310-1001\$RAL6GT6\DECRYPT-FILES.txt] pre write -1000 post close 3894 diff 4894	
00000575	182.05284119	[*] R/W section is created for \Device\HarddiskVolume3\$Recycle.Bin\S-1-5-21-1519848365-1663756913-3822597310-1001\$RAL6GT6\getwfpglobalptr - Copy.png	
00000577	182.09718323	[*] [\Device\HarddiskVolume3\$Recycle.Bin\S-1-5-21-1519848365-1663756913-3822597310-1001\$RAL6GT6\getwfpglobalptr - Copy.png] pre paging write 7916 predicted paging write 7956 diff 40	
00000578	182.23254395	[*] [\Device\HarddiskVolume3\$Recycle.Bin\S-1-5-21-1519848365-1663756913-3822597310-1001\$IAL6GT6] pre paging write 7368 predicted paging write 7368 diff 0	
00000579	182.24681091	[*] [\Device\HarddiskVolume3\$Recycle.Bin\S-1-5-21-1519848365-1663756913-3822597310-1001\$IAL6GT6] pre write 6155 post close -1000 diff -7154	
00000580	182.28262329	[*] [\Device\HarddiskVolume3\$Recycle.Bin\S-1-5-21-1519848365-1663756913-3822597310-1001\$RAL6GT6\getwfpglobalptr - Copy.png] pre paging write 7786 predicted paging write 7957 diff 172	
00000581	182.86380005	[*] R/W section is created for \Device\HarddiskVolume3\$Recycle.Bin\S-1-5-21-1519848365-1663756913-3822597310-1001\$RAL6GT6\htb-job1 - Copy.png	
00000582	182.90327454	[*] [\Device\HarddiskVolume3\$Recycle.Bin\S-1-5-21-1519848365-1663756913-3822597310-1001\$RAL6GT6\htb-job1 - Copy.png] pre paging write 7943 predicted paging write 7999 diff 56	
00000583	182.91223145	[*] htb-job1 - Copy.png encrypted by 6480	
00000584	182.91731262	[*] files encrypted by \Device\HarddiskVolume3\Users\dorge\Desktop\maze.exe -> 6480	
00000587	183.69856262	[*] [\Device\HarddiskVolume3\$Recycle.Bin\S-1-5-21-1519848365-1663756913-3822597310-1001\$RAL6GT6\htb-job1 - Copy.png] pre paging write 7997 predicted paging write 7999 diff 2	
00000590	185.63166809	[*] [\Device\HarddiskVolume3\Pictures\DECRYPT-FILES.txt] pre write -1000 post close 3894 diff 4894	
00000592	186.02482605	[*] R/W section is created for \Device\HarddiskVolume3\Pictures\133519441626720602.jpg	
00000594	186.07566833	[*] [\Device\HarddiskVolume3\Pictures\133519441626720602.jpg] pre paging write 7976 predicted paging write 8000 diff 24	
00000595	186.08453369	[*] 133519441626720602.jpg encrypted by 6480	
00000596	186.08964539	[*] files encrypted by \Device\HarddiskVolume3\Users\dorge\Desktop\maze.exe -> 6480	
00000597	186.91091919	[*] R/W section is created for \Device\HarddiskVolume3\Pictures\133537661645033233.jpg	
00000598	186.95913696	[*] [\Device\HarddiskVolume3\Pictures\133537661645033233.jpg] pre paging write 7983 predicted paging write 8000 diff 18	
00000599	186.96659851	[*] 133537661645033233.jpg encrypted by 6480	
00000600	186.97178650	[*] files encrypted by \Device\HarddiskVolume3\Users\dorge\Desktop\maze.exe -> 6480	
00000603	187.80517578	[*] R/W section is created for \Device\HarddiskVolume3\Pictures\133544078099151042.jpg	
00000604	187.94223022	[*] [\Device\HarddiskVolume3\Pictures\133544078099151042.jpg] pre paging write 7979 predicted paging write 8000 diff 22	
00000605	187.95216370	[*] 133544078099151042.jpg encrypted by 6480	
00000606	187.95726013	[*] files encrypted by \Device\HarddiskVolume3\Users\dorge\Desktop\maze.exe -> 6480	
00000607	188.24148560	[*] R/W section is created for \Device\HarddiskVolume3\Pictures\133550560009918585.jpg	
00000610	188.32127380	[*] [\Device\HarddiskVolume3\Pictures\133550560009918585.jpg] pre paging write 7979 predicted paging write 8000 diff 22	
00000611	188.33082581	[*] 133550560009918585.jpg encrypted by 6480	
00000612	188.33589172	[*] files encrypted by \Device\HarddiskVolume3\Users\dorge\Desktop\maze.exe -> 6480	
00000613	189.11647034	[*] R/W section is created for \Device\HarddiskVolume3\Pictures\133554118815950410.jpg	
00000614	189.15794373	[*] [\Device\HarddiskVolume3\Pictures\133554118815950410.jpg] pre paging write 7294 predicted paging write 8000 diff 707	
00000615	189.16693115	[*] 133554118815950410.jpg encrypted by 6480	
00000616	189.17269897	[*] files encrypted by \Device\HarddiskVolume3\Users\dorge\Desktop\maze.exe -> 6480	
00000619	189.44543457	[*] [\Device\HarddiskVolume3\Pictures\133519441626720602.jpg] pre paging write 8000 predicted paging write 8000 diff 1	
00000620	189.47120667	[*] [\Device\HarddiskVolume3\Pictures\133519441626720602.jpg] pre write 8000 post close -1000 diff -8999	
00000621	190.00328064	[*] R/W section is created for \Device\HarddiskVolume3\Pictures\133560974877603440.jpg	
00000622	190.06181335	[*] [\Device\HarddiskVolume3\Pictures\133560974877603440.jpg] pre paging write 7980 predicted paging write 8000 diff 21	
00000623	190.06773376	[*] 133560974877603440.jpg encrypted by 6480	
00000624	190.07469177	[*] files encrypted by \Device\HarddiskVolume3\Users\dorge\Desktop\maze.exe -> 6480	
00000627	190.99519348	[*] R/W section is created for \Device\HarddiskVolume3\Pictures\133568880926595417.jpg	
00000628	191.07785034	[*] [\Device\HarddiskVolume3\Pictures\133537661645033233.jpg] pre paging write 8000 predicted paging write 8000 diff 1	
00000629	191.10844421	[*] [\Device\HarddiskVolume3\Pictures\133568880926595417.jpg] pre paging write 7978 predicted paging write 8000 diff 23	
00000630	191.13299561	[*] 133568880926595417.jpg encrypted by 6480	
00000631	191.14614868	[*] files encrypted by \Device\HarddiskVolume3\Users\dorge\Desktop\maze.exe -> 6480	
00000632	191.16070557	[*] [\Device\HarddiskVolume3\Pictures\133537661645033233.jpg] pre write 8000 post close -1000 diff -8999	
00000634	191.72018433	[*] R/W section is created for \Device\HarddiskVolume3\Users\dorge\AppData\Local\Microsoft\Windows\Explorer\thumbcache_idx.db	
00000635	191.76892090	[*] R/W section is created for \Device\HarddiskVolume3\Pictures\133573356402860841 - Copy.jpg	
00000637	191.80688477	[*] [\Device\HarddiskVolume3\Pictures\133573356402860841 - Copy.jpg] pre paging write 7981 predicted paging write 8000 diff 20	
00000638	191.82386780	[*] 133573356402860841 - Copy.jpg encrypted by 6480	
00000639	191.83132935	[*] files encrypted by \Device\HarddiskVolume3\Users\dorge\Desktop\maze.exe -> 6480	
00000640	191.95506287	[*] R/W section is created for \Device\HarddiskVolume3\Users\dorge\AppData\Local\Microsoft\Windows\Explorer\thumbcache_16.db	
00000641	192.38696289	[*] [\Device\HarddiskVolume3\Pictures\133544078099151042.jpg] pre paging write 8000 predicted paging write 8000 diff 1	
00000642	192.41476440	[*] [\Device\HarddiskVolume3\Pictures\133544078099151042.jpg] pre write 8000 post close -1000 diff -8999	
00000644	193.18229675	[*] R/W section is created for \Device\HarddiskVolume3\Pictures\133573356402860841.jpg	
00000646	193.22761536	[*] [\Device\HarddiskVolume3\Pictures\133573356402860841.jpg] pre paging write 7981 predicted paging write 8000 diff 20	
00000647	193.23881531	[*] 133573356402860841.jpg encrypted by 6480	
00000648	193.24456787	[*] files encrypted by \Device\HarddiskVolume3\Users\dorge\Desktop\maze.exe -> 6480	
00000649	193.24989319	[*] killed ransomware process!	
00000650	193.25546265	[*] blocked malicious process from file-system access	
00000651	193.78793335	[*] [\Device\HarddiskVolume3\Pictures\133550560009918585.jpg] pre paging write 8000 predicted paging write 8000 diff 1	
00000652	193.81884766	[*] [\Device\HarddiskVolume3\Pictures\133550560009918585.jpg] pre write 8000 post close -1000 diff -8999	
00000655	195.25613403	[*] [\Device\HarddiskVolume3\Pictures\133554118815950410.jpg] pre paging write 8000 predicted paging write 8000 diff 1	
00000656	195.32043457	[*] [\Device\HarddiskVolume3\Pictures\133554118815950410.jpg] pre write 8000 post close -1000 diff -8999	
00000659	196.66296387	[*] [\Device\HarddiskVolume3\Pictures\133560974877603440.jpg] pre paging write 8000 predicted paging write 8000 diff 1	
00000660	196.67259216	[*] [\Device\HarddiskVolume3\Pictures\133560974877603440.jpg] pre write 8000 post close -1000 diff -8999	
00000667	199.39593506	[*] [\Device\HarddiskVolume3\Pictures\133568880926595417.jpg] pre paging write 8000 predicted paging write 8000 diff 1	
00000668	199.43484497	[*] [\Device\HarddiskVolume3\Pictures\133568880926595417.jpg] pre write 8000 post close -1000 diff -8999	
00000675	202.18901062	[*] [\Device\HarddiskVolume3\Pictures\133573356402860841 - Copy.jpg] pre paging write 8000 predicted paging write 8000 diff 1	
00000676	202.20399475	[*] [\Device\HarddiskVolume3\Pictures\133573356402860841 - Copy.jpg] pre write 8000 post close -1000 diff -8999	
00000677	202.21585083	[*] [\Device\HarddiskVolume3\Pictures\133573356402860841.jpg] pre paging write 8000 predicted paging write 8000 diff 1	
00000678	202.26612854	[*] [\Device\HarddiskVolume3\Pictures\133573356402860841.jpg] pre write 8000 post close 8000 diff 1	
00000813	275.63821411	[*] blocked usermode access to the restore directory	
00000815	275.71807861	[*] blocked usermode access to the restore directory	
00000816	275.78656006	[*] blocked usermode access to the restore directory	
00000817	275.80630493	[*] blocked usermode access to the restore directory	
00000818	275.89346313	[*] blocked usermode access to the restore directory	
00000819	275.93222046	[*] blocked usermode access to the restore directory	
00000820	276.48785400	[*] blocked usermode access to the restore directory	
00000821	276.55337524	[*] blocked usermode access to the restore directory	
00000822	276.57849121	[*] blocked usermode access to the restore directory	
00000823	276.68334961	[*] blocked usermode access to the restore directory	
00000825	276.83416748	[*] blocked usermode access to the restore directory	
00000826	276.84231567	[*] blocked usermode access to the restore directory	
00000827	276.89669800	[*] blocked usermode access to the restore directory	
00000828	276.91806030	[*] blocked usermode access to the restore directory	
00000832	278.24374390	[*] R/W section is created for \Device\HarddiskVolume3\Users\dorge\AppData\Local\Microsoft\Windows\Explorer\iconcache_256.db	
00000835	279.49212646	[*] blocked usermode access to the restore directory	
00000836	279.54977417	[*] blocked usermode access to the restore directory	
00000837	279.66674805	[*] blocked usermode access to the restore directory	
00000838	279.67507935	[*] blocked usermode access to the restore directory	
00000839	279.81674194	[*] blocked usermode access to the restore directory	
00000840	279.82510376	[*] blocked usermode access to the restore directory	
00000841	279.91717529	[*] blocked usermode access to the restore directory	
00000842	279.98596191	[*] blocked usermode access to the restore directory	
00000843	280.18307495	[*] blocked usermode access to the restore directory	
00000844	280.30615234	[*] blocked usermode access to the restore directory	
00000845	280.33905029	[*] blocked usermode access to the restore directory	
00000846	280.38916016	[*] blocked usermode access to the restore directory	
00000848	280.46994019	[*] blocked usermode access to the restore directory	
00000849	280.56787109	[*] blocked usermode access to the restore directory	
00000850	280.63619995	[*] blocked usermode access to the restore directory	
00000851	280.72424316	[*] blocked usermode access to the restore directory	
00000852	280.80239868	[*] blocked usermode access to the restore directory	
00000854	280.84350586	[*] blocked usermode access to the restore directory	
00000855	280.90228271	[*] blocked usermode access to the restore directory	
00000856	280.99880981	[*] blocked usermode access to the restore directory	
00000857	281.07293701	[*] blocked usermode access to the restore directory	
00000858	281.12490845	[*] blocked usermode access to the restore directory	
00000861	282.62115479	[*] blocked usermode access to the restore directory	
00000862	282.67813110	[*] blocked usermode access to the restore directory	
00000863	283.01562500	[*] R/W section is created for \Device\HarddiskVolume3\Users\dorge\AppData\Local\Microsoft\Windows\Explorer\thumbcache_256.db	
00000865	283.43804932	[*] R/W section is created for \Device\HarddiskVolume3\Users\dorge\AppData\Local\Microsoft\Windows\Explorer\thumbcache_96.db	
00000866	283.52902222	[*] blocked usermode access to the restore directory	
00000867	283.54919434	[*] blocked usermode access to the restore directory	
00000868	283.58950806	[*] blocked usermode access to the restore directory	
00000869	283.68106079	[*] blocked usermode access to the restore directory	
00000870	283.82501221	[*] blocked usermode access to the restore directory	
00000871	283.95590210	[*] blocked usermode access to the restore directory	
00000874	284.02694702	[*] blocked usermode access to the restore directory	
00000876	284.08331299	[*] blocked usermode access to the restore directory	
00000877	284.13586426	[*] blocked usermode access to the restore directory	
00000878	284.18710327	[*] blocked usermode access to the restore directory	
00000879	284.22402954	[*] blocked usermode access to the restore directory	
00000880	284.26004028	[*] blocked usermode access to the restore directory	
00000881	284.40481567	[*] blocked usermode access to the restore directory	
00000882	284.49053955	[*] RansomGuard is going down...	
00000883	284.51428223	[*] blocked usermode access to the restore directory	
